[1.101s] Invoking command in '/home/ros_user/ros2_ws/build/ros2_course': PYTHONPATH=/home/ros_user/ros2_ws/build/ros2_course/prefix_override:/home/ros_user/ros2_ws/install/ros2_course/lib/python3.10/site-packages:${PYTHONPATH} /usr/bin/python3 setup.py develop --editable --build-directory /home/ros_user/ros2_ws/build/ros2_course/build --no-deps install_data
[1.548s] running develop
[1.549s] /usr/lib/python3/dist-packages/setuptools/command/easy_install.py:158: EasyInstallDeprecationWarning: easy_install command is deprecated. Use build and pip and other standards-based tools.
[1.549s]   warnings.warn(
[1.551s] /usr/lib/python3/dist-packages/setuptools/command/install.py:34: SetuptoolsDeprecationWarning: setup.py install is deprecated. Use build and pip and other standards-based tools.
[1.551s]   warnings.warn(
[1.830s] running egg_info
[1.830s] writing ros2_course.egg-info/PKG-INFO
[1.831s] writing dependency_links to ros2_course.egg-info/dependency_links.txt
[1.831s] writing entry points to ros2_course.egg-info/entry_points.txt
[1.832s] writing requirements to ros2_course.egg-info/requires.txt
[1.832s] writing top-level names to ros2_course.egg-info/top_level.txt
[1.835s] reading manifest file 'ros2_course.egg-info/SOURCES.txt'
[1.836s] writing manifest file 'ros2_course.egg-info/SOURCES.txt'
[1.838s] running build_ext
[1.839s] Creating /home/ros_user/ros2_ws/install/ros2_course/lib/python3.10/site-packages/ros2-course.egg-link (link to .)
[1.840s] Installing chaser_turtle script to /home/ros_user/ros2_ws/install/ros2_course/lib/ros2_course
[1.841s] Installing hello script to /home/ros_user/ros2_ws/install/ros2_course/lib/ros2_course
[1.841s] Installing random_turtle script to /home/ros_user/ros2_ws/install/ros2_course/lib/ros2_course
[1.841s] Installing turtle_spin script to /home/ros_user/ros2_ws/install/ros2_course/lib/ros2_course
[1.842s] 
[1.842s] Installed /home/ros_user/ros2_ws/build/ros2_course
[1.842s] running install_data
[1.873s] Invoked command in '/home/ros_user/ros2_ws/build/ros2_course' returned '0': PYTHONPATH=/home/ros_user/ros2_ws/build/ros2_course/prefix_override:/home/ros_user/ros2_ws/install/ros2_course/lib/python3.10/site-packages:${PYTHONPATH} /usr/bin/python3 setup.py develop --editable --build-directory /home/ros_user/ros2_ws/build/ros2_course/build --no-deps install_data
