[1.321s] Invoking command in '/home/ros_user/ros2_ws/build/ros2_course': PYTHONPATH=/home/ros_user/ros2_ws/build/ros2_course/prefix_override:/home/ros_user/ros2_ws/install/ros2_course/lib/python3.10/site-packages:${PYTHONPATH} /usr/bin/python3 setup.py develop --editable --build-directory /home/ros_user/ros2_ws/build/ros2_course/build --no-deps install_data
[1.773s] running develop
[1.773s] /usr/lib/python3/dist-packages/setuptools/command/easy_install.py:158: EasyInstallDeprecationWarning: easy_install command is deprecated. Use build and pip and other standards-based tools.
[1.773s]   warnings.warn(
[1.776s] /usr/lib/python3/dist-packages/setuptools/command/install.py:34: SetuptoolsDeprecationWarning: setup.py install is deprecated. Use build and pip and other standards-based tools.
[1.776s]   warnings.warn(
[2.063s] running egg_info
[2.063s] writing ros2_course.egg-info/PKG-INFO
[2.064s] writing dependency_links to ros2_course.egg-info/dependency_links.txt
[2.064s] writing entry points to ros2_course.egg-info/entry_points.txt
[2.064s] writing requirements to ros2_course.egg-info/requires.txt
[2.064s] writing top-level names to ros2_course.egg-info/top_level.txt
[2.066s] reading manifest file 'ros2_course.egg-info/SOURCES.txt'
[2.067s] writing manifest file 'ros2_course.egg-info/SOURCES.txt'
[2.069s] running build_ext
[2.070s] Creating /home/ros_user/ros2_ws/install/ros2_course/lib/python3.10/site-packages/ros2-course.egg-link (link to .)
[2.071s] Installing chaser_turtle script to /home/ros_user/ros2_ws/install/ros2_course/lib/ros2_course
[2.071s] Installing hello script to /home/ros_user/ros2_ws/install/ros2_course/lib/ros2_course
[2.071s] Installing random_turtle script to /home/ros_user/ros2_ws/install/ros2_course/lib/ros2_course
[2.071s] Installing turtle_spin script to /home/ros_user/ros2_ws/install/ros2_course/lib/ros2_course
[2.071s] 
[2.072s] Installed /home/ros_user/ros2_ws/build/ros2_course
[2.072s] running install_data
[2.104s] Invoked command in '/home/ros_user/ros2_ws/build/ros2_course' returned '0': PYTHONPATH=/home/ros_user/ros2_ws/build/ros2_course/prefix_override:/home/ros_user/ros2_ws/install/ros2_course/lib/python3.10/site-packages:${PYTHONPATH} /usr/bin/python3 setup.py develop --editable --build-directory /home/ros_user/ros2_ws/build/ros2_course/build --no-deps install_data
