[1.367s] Invoking command in '/home/ros_user/ros2_ws/build/ros2_course': PYTHONPATH=/home/ros_user/ros2_ws/build/ros2_course/prefix_override:/home/ros_user/ros2_ws/install/ros2_course/lib/python3.10/site-packages:${PYTHONPATH} /usr/bin/python3 setup.py develop --editable --build-directory /home/ros_user/ros2_ws/build/ros2_course/build --no-deps install_data
[1.843s] running develop
[1.844s] /usr/lib/python3/dist-packages/setuptools/command/easy_install.py:158: EasyInstallDeprecationWarning: easy_install command is deprecated. Use build and pip and other standards-based tools.
[1.844s]   warnings.warn(
[1.846s] /usr/lib/python3/dist-packages/setuptools/command/install.py:34: SetuptoolsDeprecationWarning: setup.py install is deprecated. Use build and pip and other standards-based tools.
[1.846s]   warnings.warn(
[2.164s] running egg_info
[2.164s] writing ros2_course.egg-info/PKG-INFO
[2.165s] writing dependency_links to ros2_course.egg-info/dependency_links.txt
[2.165s] writing entry points to ros2_course.egg-info/entry_points.txt
[2.165s] writing requirements to ros2_course.egg-info/requires.txt
[2.166s] writing top-level names to ros2_course.egg-info/top_level.txt
[2.171s] reading manifest file 'ros2_course.egg-info/SOURCES.txt'
[2.174s] writing manifest file 'ros2_course.egg-info/SOURCES.txt'
[2.176s] running build_ext
[2.177s] Creating /home/ros_user/ros2_ws/install/ros2_course/lib/python3.10/site-packages/ros2-course.egg-link (link to .)
[2.179s] Installing chaser_turtle script to /home/ros_user/ros2_ws/install/ros2_course/lib/ros2_course
[2.179s] Installing flower_turtle script to /home/ros_user/ros2_ws/install/ros2_course/lib/ros2_course
[2.179s] Installing fractal script to /home/ros_user/ros2_ws/install/ros2_course/lib/ros2_course
[2.179s] Installing hello script to /home/ros_user/ros2_ws/install/ros2_course/lib/ros2_course
[2.180s] Installing random_turtle script to /home/ros_user/ros2_ws/install/ros2_course/lib/ros2_course
[2.180s] Installing turtle_spin script to /home/ros_user/ros2_ws/install/ros2_course/lib/ros2_course
[2.181s] 
[2.181s] Installed /home/ros_user/ros2_ws/build/ros2_course
[2.182s] running install_data
[2.221s] Invoked command in '/home/ros_user/ros2_ws/build/ros2_course' returned '0': PYTHONPATH=/home/ros_user/ros2_ws/build/ros2_course/prefix_override:/home/ros_user/ros2_ws/install/ros2_course/lib/python3.10/site-packages:${PYTHONPATH} /usr/bin/python3 setup.py develop --editable --build-directory /home/ros_user/ros2_ws/build/ros2_course/build --no-deps install_data
