[1.263s] Invoking command in '/home/ros_user/ros2_ws/build/ros2_course': PYTHONPATH=/home/ros_user/ros2_ws/build/ros2_course/prefix_override:/home/ros_user/ros2_ws/install/ros2_course/lib/python3.10/site-packages:${PYTHONPATH} /usr/bin/python3 setup.py develop --editable --build-directory /home/ros_user/ros2_ws/build/ros2_course/build --no-deps install_data
[1.774s] running develop
[1.775s] /usr/lib/python3/dist-packages/setuptools/command/easy_install.py:158: EasyInstallDeprecationWarning: easy_install command is deprecated. Use build and pip and other standards-based tools.
[1.775s]   warnings.warn(
[1.777s] /usr/lib/python3/dist-packages/setuptools/command/install.py:34: SetuptoolsDeprecationWarning: setup.py install is deprecated. Use build and pip and other standards-based tools.
[1.777s]   warnings.warn(
[2.082s] running egg_info
[2.082s] writing ros2_course.egg-info/PKG-INFO
[2.083s] writing dependency_links to ros2_course.egg-info/dependency_links.txt
[2.083s] writing entry points to ros2_course.egg-info/entry_points.txt
[2.084s] writing requirements to ros2_course.egg-info/requires.txt
[2.084s] writing top-level names to ros2_course.egg-info/top_level.txt
[2.087s] reading manifest file 'ros2_course.egg-info/SOURCES.txt'
[2.088s] writing manifest file 'ros2_course.egg-info/SOURCES.txt'
[2.090s] running build_ext
[2.091s] Creating /home/ros_user/ros2_ws/install/ros2_course/lib/python3.10/site-packages/ros2-course.egg-link (link to .)
[2.093s] Installing chaser_turtle script to /home/ros_user/ros2_ws/install/ros2_course/lib/ros2_course
[2.093s] Installing hello script to /home/ros_user/ros2_ws/install/ros2_course/lib/ros2_course
[2.095s] Installing random_turtle script to /home/ros_user/ros2_ws/install/ros2_course/lib/ros2_course
[2.095s] Installing turtle_spin script to /home/ros_user/ros2_ws/install/ros2_course/lib/ros2_course
[2.096s] 
[2.096s] Installed /home/ros_user/ros2_ws/build/ros2_course
[2.096s] running install_data
[2.138s] Invoked command in '/home/ros_user/ros2_ws/build/ros2_course' returned '0': PYTHONPATH=/home/ros_user/ros2_ws/build/ros2_course/prefix_override:/home/ros_user/ros2_ws/install/ros2_course/lib/python3.10/site-packages:${PYTHONPATH} /usr/bin/python3 setup.py develop --editable --build-directory /home/ros_user/ros2_ws/build/ros2_course/build --no-deps install_data
