[0.000000] (-) TimerEvent: {}
[0.000141] (ros2_course) JobQueued: {'identifier': 'ros2_course', 'dependencies': OrderedDict()}
[0.000189] (ros2_course) JobStarted: {'identifier': 'ros2_course'}
[0.096204] (-) TimerEvent: {}
[0.196663] (-) TimerEvent: {}
[0.296958] (-) TimerEvent: {}
[0.397438] (-) TimerEvent: {}
[0.497779] (-) TimerEvent: {}
[0.597937] (-) TimerEvent: {}
[0.698616] (-) TimerEvent: {}
[0.799025] (-) TimerEvent: {}
[0.899568] (-) TimerEvent: {}
[1.000172] (-) TimerEvent: {}
[1.100432] (-) TimerEvent: {}
[1.202097] (-) TimerEvent: {}
[1.222622] (ros2_course) Command: {'cmd': ['/usr/bin/python3', 'setup.py', 'develop', '--editable', '--build-directory', '/home/ros_user/ros2_ws/build/ros2_course/build', '--no-deps', 'install_data'], 'cwd': '/home/ros_user/ros2_ws/build/ros2_course', 'env': {'GJS_DEBUG_TOPICS': 'JS ERROR;JS LOG', 'LANGUAGE': 'en_GB:en', 'LC_TIME': 'hu_HU.UTF-8', 'USER': 'ros_user', 'ROS_PACKAGE_PATH': '/home/ros_user/dvrk2_ws/install/cisst/share', 'XDG_SESSION_TYPE': 'wayland', 'LD_LIBRARY_PATH': '/home/ros_user/dvrk2_ws/install/dvrk_robot/lib:/home/ros_user/dvrk2_ws/install/sawIntuitiveResearchKitAll/lib:/home/ros_user/dvrk2_ws/install/sawTextToSpeechAll/lib:/home/ros_user/dvrk2_ws/install/sawRobotIO1394All/lib:/home/ros_user/dvrk2_ws/install/sawControllersAll/lib:/home/ros_user/dvrk2_ws/install/sawKeyboardAll/lib:/home/ros_user/dvrk2_ws/install/cisst_ros2_crtk/lib:/home/ros_user/dvrk2_ws/install/crtk_msgs/lib:/home/ros_user/dvrk2_ws/install/cisst_ros2_bridge/lib:/home/ros_user/dvrk2_ws/install/cisst_msgs/lib:/home/ros_user/dvrk2_ws/install/cisst/lib:/home/ros_user/dvrk2_ws/install/cisstNetlib/lib:/opt/ros/humble/opt/rviz_ogre_vendor/lib:/opt/ros/humble/lib/x86_64-linux-gnu:/opt/ros/humble/lib', 'SHLVL': '30', 'HOME': '/home/ros_user', 'DESKTOP_SESSION': 'ubuntu', 'QTDIR': '/usr/lib/x86_64-linux-gnu/qt5', 'GIO_LAUNCHED_DESKTOP_FILE': '/usr/share/applications/QtProject-qtcreator-ros-latest.desktop', 'GNOME_SHELL_SESSION_MODE': 'ubuntu', 'GTK_MODULES': 'gail:atk-bridge', 'ROS_PYTHON_VERSION': '3', 'LC_MONETARY': 'hu_HU.UTF-8', 'MANAGERPID': '1184', 'DBUS_SESSION_BUS_ADDRESS': 'unix:path=/run/user/1000/bus', 'SYSTEMD_EXEC_PID': '1361', 'GIO_LAUNCHED_DESKTOP_FILE_PID': '3328', 'COLCON_PREFIX_PATH': '/home/ros_user/ros2_ws/install:/home/ros_user/dvrk2_ws/install', 'IM_CONFIG_PHASE': '1', 'ROS_DISTRO': 'humble', 'WAYLAND_DISPLAY': 'wayland-0', 'LOGNAME': 'ros_user', 'JOURNAL_STREAM': '8:22818', '_': '/usr/bin/env', 'PKG_CONFIG_PATH': '/home/ros_user/dvrk2_ws/install/dvrk_config_jhu/lib/x86_64-linux-gnu/pkgconfig:/home/ros_user/dvrk2_ws/install/dvrk_config_jhu/lib/pkgconfig:/home/ros_user/dvrk2_ws/install/cisst/lib/x86_64-linux-gnu/pkgconfig:/home/ros_user/dvrk2_ws/install/cisst/lib/pkgconfig:/home/ros_user/dvrk2_ws/install/cisstNetlib/lib/x86_64-linux-gnu/pkgconfig:/home/ros_user/dvrk2_ws/install/cisstNetlib/lib/pkgconfig', 'ROS_VERSION': '2', 'XDG_SESSION_CLASS': 'user', 'TERM': 'xterm', 'USERNAME': 'ros_user', 'GNOME_DESKTOP_SESSION_ID': 'this-is-deprecated', 'ROS_LOCALHOST_ONLY': '0', 'PATH': '/home/ros_user/dvrk2_ws/install/sawIntuitiveResearchKitAll/bin:/home/ros_user/dvrk2_ws/install/sawTextToSpeechAll/bin:/home/ros_user/dvrk2_ws/install/sawRobotIO1394All/bin:/home/ros_user/dvrk2_ws/install/sawControllersAll/bin:/home/ros_user/dvrk2_ws/install/cisst/bin:/opt/ros/humble/bin:/usr/local/sbin:/usr/local/bin:/usr/sbin:/usr/bin:/sbin:/bin:/usr/games:/usr/local/games:/snap/bin:/snap/bin', 'INVOCATION_ID': '2dbc977928d6432c951e2b4604bbfc50', 'PAPERSIZE': 'a4', 'SESSION_MANAGER': 'local/ubuntu-vm:@/tmp/.ICE-unix/1334,unix/ubuntu-vm:/tmp/.ICE-unix/1334', 'GNOME_SETUP_DISPLAY': ':1', 'LC_ADDRESS': 'hu_HU.UTF-8', 'XDG_MENU_PREFIX': 'gnome-', 'XDG_RUNTIME_DIR': '/run/user/1000', 'DISPLAY': ':0', 'LANG': 'en_GB.UTF-8', 'LC_TELEPHONE': 'hu_HU.UTF-8', 'XDG_CURRENT_DESKTOP': 'ubuntu:GNOME', 'XAUTHORITY': '/run/user/1000/.mutter-Xwaylandauth.H90ZD2', 'XDG_SESSION_DESKTOP': 'ubuntu', 'XMODIFIERS': '@im=ibus', 'AMENT_PREFIX_PATH': '/home/ros_user/dvrk2_ws/install/dvrk_robot:/home/ros_user/dvrk2_ws/install/dvrk_python:/home/ros_user/dvrk2_ws/install/dvrk_model:/home/ros_user/dvrk2_ws/install/cisst_ros2_crtk:/home/ros_user/dvrk2_ws/install/crtk_msgs:/home/ros_user/dvrk2_ws/install/crtk:/home/ros_user/dvrk2_ws/install/cisst_ros2_bridge:/home/ros_user/dvrk2_ws/install/cisst_msgs:/home/ros_user/ros2_ws/install/ros2_course:/opt/ros/humble', 'SSH_AGENT_LAUNCHER': 'gnome-keyring', 'SSH_AUTH_SOCK': '/run/user/1000/keyring/ssh', 'LC_NAME': 'hu_HU.UTF-8', 'SHELL': '/bin/bash', 'GDMSESSION': 'ubuntu', 'QT_ACCESSIBILITY': '1', 'LC_MEASUREMENT': 'hu_HU.UTF-8', 'GJS_DEBUG_OUTPUT': 'stderr', 'LC_IDENTIFICATION': 'hu_HU.UTF-8', 'QT_IM_MODULE': 'ibus', 'LC_ALL': 'C', 'PWD': '/home/ros_user/ros2_ws/build/ros2_course', 'XDG_CONFIG_DIRS': '/etc/xdg/xdg-ubuntu:/etc/xdg', 'XDG_DATA_DIRS': '/usr/share/ubuntu:/usr/local/share/:/usr/share/:/var/lib/snapd/desktop', 'LC_NUMERIC': 'hu_HU.UTF-8', 'PYTHONPATH': '/home/ros_user/ros2_ws/build/ros2_course/prefix_override:/home/ros_user/ros2_ws/install/ros2_course/lib/python3.10/site-packages:/home/ros_user/dvrk2_ws/build/dvrk_python/src:/home/ros_user/dvrk2_ws/install/dvrk_python/lib/python3.10/site-packages:/home/ros_user/dvrk2_ws/build/dvrk_model:/home/ros_user/dvrk2_ws/install/dvrk_model/lib/python3.10/site-packages:/home/ros_user/dvrk2_ws/install/crtk_msgs/local/lib/python3.10/dist-packages:/home/ros_user/dvrk2_ws/build/crtk/src:/home/ros_user/dvrk2_ws/install/crtk/lib/python3.10/site-packages:/home/ros_user/dvrk2_ws/install/cisst_msgs/local/lib/python3.10/dist-packages:/home/ros_user/ros2_ws/build/ros2_course:/home/ros_user/ros2_ws/install/ros2_course/lib/python3.10/site-packages:/opt/ros/humble/lib/python3.10/site-packages:/opt/ros/humble/local/lib/python3.10/dist-packages', 'LC_PAPER': 'hu_HU.UTF-8', 'COLCON': '1', 'CMAKE_PREFIX_PATH': '/home/ros_user/dvrk2_ws/install/dvrk_robot:/home/ros_user/dvrk2_ws/install/sawIntuitiveResearchKitAll:/home/ros_user/dvrk2_ws/install/sawTextToSpeechAll:/home/ros_user/dvrk2_ws/install/sawRobotIO1394All:/home/ros_user/dvrk2_ws/install/sawControllersAll:/home/ros_user/dvrk2_ws/install/sawKeyboardAll:/home/ros_user/dvrk2_ws/install/dvrk_config_jhu:/home/ros_user/dvrk2_ws/install/cisst_ros2_crtk:/home/ros_user/dvrk2_ws/install/crtk_msgs:/home/ros_user/dvrk2_ws/install/cisst_ros2_bridge:/home/ros_user/dvrk2_ws/install/cisst_msgs:/home/ros_user/dvrk2_ws/install/cisst:/home/ros_user/dvrk2_ws/install/cisstNetlib'}, 'shell': False}
[1.302479] (-) TimerEvent: {}
[1.402790] (-) TimerEvent: {}
[1.503129] (-) TimerEvent: {}
[1.603871] (-) TimerEvent: {}
[1.704329] (-) TimerEvent: {}
[1.712201] (ros2_course) StdoutLine: {'line': b'running develop\n'}
[1.712781] (ros2_course) StderrLine: {'line': b'/usr/lib/python3/dist-packages/setuptools/command/easy_install.py:158: EasyInstallDeprecationWarning: easy_install command is deprecated. Use build and pip and other standards-based tools.\n'}
[1.712938] (ros2_course) StderrLine: {'line': b'  warnings.warn(\n'}
[1.714788] (ros2_course) StderrLine: {'line': b'/usr/lib/python3/dist-packages/setuptools/command/install.py:34: SetuptoolsDeprecationWarning: setup.py install is deprecated. Use build and pip and other standards-based tools.\n'}
[1.714908] (ros2_course) StderrLine: {'line': b'  warnings.warn(\n'}
[1.804836] (-) TimerEvent: {}
[1.905211] (-) TimerEvent: {}
[1.997610] (ros2_course) StdoutLine: {'line': b'running egg_info\n'}
[1.998044] (ros2_course) StdoutLine: {'line': b'writing ros2_course.egg-info/PKG-INFO\n'}
[1.998521] (ros2_course) StdoutLine: {'line': b'writing dependency_links to ros2_course.egg-info/dependency_links.txt\n'}
[1.999060] (ros2_course) StdoutLine: {'line': b'writing entry points to ros2_course.egg-info/entry_points.txt\n'}
[1.999385] (ros2_course) StdoutLine: {'line': b'writing requirements to ros2_course.egg-info/requires.txt\n'}
[1.999703] (ros2_course) StdoutLine: {'line': b'writing top-level names to ros2_course.egg-info/top_level.txt\n'}
[2.002487] (ros2_course) StdoutLine: {'line': b"reading manifest file 'ros2_course.egg-info/SOURCES.txt'\n"}
[2.003991] (ros2_course) StdoutLine: {'line': b"writing manifest file 'ros2_course.egg-info/SOURCES.txt'\n"}
[2.005319] (-) TimerEvent: {}
[2.006143] (ros2_course) StdoutLine: {'line': b'running build_ext\n'}
[2.006571] (ros2_course) StdoutLine: {'line': b'Creating /home/ros_user/ros2_ws/install/ros2_course/lib/python3.10/site-packages/ros2-course.egg-link (link to .)\n'}
[2.007989] (ros2_course) StdoutLine: {'line': b'Installing chaser_turtle script to /home/ros_user/ros2_ws/install/ros2_course/lib/ros2_course\n'}
[2.008270] (ros2_course) StdoutLine: {'line': b'Installing draw_A script to /home/ros_user/ros2_ws/install/ros2_course/lib/ros2_course\n'}
[2.008529] (ros2_course) StdoutLine: {'line': b'Installing flower_turtle script to /home/ros_user/ros2_ws/install/ros2_course/lib/ros2_course\n'}
[2.008811] (ros2_course) StdoutLine: {'line': b'Installing fractal script to /home/ros_user/ros2_ws/install/ros2_course/lib/ros2_course\n'}
[2.009041] (ros2_course) StdoutLine: {'line': b'Installing hello script to /home/ros_user/ros2_ws/install/ros2_course/lib/ros2_course\n'}
[2.009267] (ros2_course) StdoutLine: {'line': b'Installing hunter_turtle script to /home/ros_user/ros2_ws/install/ros2_course/lib/ros2_course\n'}
[2.009493] (ros2_course) StdoutLine: {'line': b'Installing random_turtle script to /home/ros_user/ros2_ws/install/ros2_course/lib/ros2_course\n'}
[2.009769] (ros2_course) StdoutLine: {'line': b'Installing turtle_spawner script to /home/ros_user/ros2_ws/install/ros2_course/lib/ros2_course\n'}
[2.009993] (ros2_course) StdoutLine: {'line': b'Installing turtle_spin script to /home/ros_user/ros2_ws/install/ros2_course/lib/ros2_course\n'}
[2.010332] (ros2_course) StdoutLine: {'line': b'\n'}
[2.010596] (ros2_course) StdoutLine: {'line': b'Installed /home/ros_user/ros2_ws/build/ros2_course\n'}
[2.010929] (ros2_course) StdoutLine: {'line': b'running install_data\n'}
[2.042037] (ros2_course) CommandEnded: {'returncode': 0}
[2.066814] (ros2_course) JobEnded: {'identifier': 'ros2_course', 'rc': 0}
[2.071695] (-) EventReactorShutdown: {}
