running develop
running egg_info
writing ros2_course.egg-info/PKG-INFO
writing dependency_links to ros2_course.egg-info/dependency_links.txt
writing entry points to ros2_course.egg-info/entry_points.txt
writing requirements to ros2_course.egg-info/requires.txt
writing top-level names to ros2_course.egg-info/top_level.txt
reading manifest file 'ros2_course.egg-info/SOURCES.txt'
writing manifest file 'ros2_course.egg-info/SOURCES.txt'
running build_ext
Creating /home/ros_user/ros2_ws/install/ros2_course/lib/python3.10/site-packages/ros2-course.egg-link (link to .)
Installing chaser_turtle script to /home/ros_user/ros2_ws/install/ros2_course/lib/ros2_course
Installing flower_turtle script to /home/ros_user/ros2_ws/install/ros2_course/lib/ros2_course
Installing fractal script to /home/ros_user/ros2_ws/install/ros2_course/lib/ros2_course
Installing hello script to /home/ros_user/ros2_ws/install/ros2_course/lib/ros2_course
Installing hunter_turtle script to /home/ros_user/ros2_ws/install/ros2_course/lib/ros2_course
Installing my_robot_messages script to /home/ros_user/ros2_ws/install/ros2_course/lib/ros2_course
Installing random_turtle script to /home/ros_user/ros2_ws/install/ros2_course/lib/ros2_course
Installing turtle_spawner script to /home/ros_user/ros2_ws/install/ros2_course/lib/ros2_course
Installing turtle_spin script to /home/ros_user/ros2_ws/install/ros2_course/lib/ros2_course

Installed /home/ros_user/ros2_ws/build/ros2_course
running install_data
