[1.220s] Invoking command in '/home/ros_user/ros2_ws/build/ros2_course': PYTHONPATH=/home/ros_user/ros2_ws/build/ros2_course/prefix_override:/home/ros_user/ros2_ws/install/ros2_course/lib/python3.10/site-packages:${PYTHONPATH} /usr/bin/python3 setup.py develop --editable --build-directory /home/ros_user/ros2_ws/build/ros2_course/build --no-deps install_data
[1.725s] running develop
[1.726s] /usr/lib/python3/dist-packages/setuptools/command/easy_install.py:158: EasyInstallDeprecationWarning: easy_install command is deprecated. Use build and pip and other standards-based tools.
[1.726s]   warnings.warn(
[1.728s] /usr/lib/python3/dist-packages/setuptools/command/install.py:34: SetuptoolsDeprecationWarning: setup.py install is deprecated. Use build and pip and other standards-based tools.
[1.728s]   warnings.warn(
[2.014s] running egg_info
[2.015s] writing ros2_course.egg-info/PKG-INFO
[2.016s] writing dependency_links to ros2_course.egg-info/dependency_links.txt
[2.016s] writing entry points to ros2_course.egg-info/entry_points.txt
[2.017s] writing requirements to ros2_course.egg-info/requires.txt
[2.017s] writing top-level names to ros2_course.egg-info/top_level.txt
[2.020s] reading manifest file 'ros2_course.egg-info/SOURCES.txt'
[2.021s] writing manifest file 'ros2_course.egg-info/SOURCES.txt'
[2.024s] running build_ext
[2.024s] Creating /home/ros_user/ros2_ws/install/ros2_course/lib/python3.10/site-packages/ros2-course.egg-link (link to .)
[2.026s] Installing chaser_turtle script to /home/ros_user/ros2_ws/install/ros2_course/lib/ros2_course
[2.026s] Installing flower_turtle script to /home/ros_user/ros2_ws/install/ros2_course/lib/ros2_course
[2.026s] Installing fractal script to /home/ros_user/ros2_ws/install/ros2_course/lib/ros2_course
[2.027s] Installing hello script to /home/ros_user/ros2_ws/install/ros2_course/lib/ros2_course
[2.027s] Installing random_turtle script to /home/ros_user/ros2_ws/install/ros2_course/lib/ros2_course
[2.028s] Installing turtle_spin script to /home/ros_user/ros2_ws/install/ros2_course/lib/ros2_course
[2.028s] 
[2.028s] Installed /home/ros_user/ros2_ws/build/ros2_course
[2.028s] running install_data
[2.061s] Invoked command in '/home/ros_user/ros2_ws/build/ros2_course' returned '0': PYTHONPATH=/home/ros_user/ros2_ws/build/ros2_course/prefix_override:/home/ros_user/ros2_ws/install/ros2_course/lib/python3.10/site-packages:${PYTHONPATH} /usr/bin/python3 setup.py develop --editable --build-directory /home/ros_user/ros2_ws/build/ros2_course/build --no-deps install_data
