[1.363s] Invoking command in '/home/ros_user/ros2_ws/build/ros2_course': PYTHONPATH=/home/ros_user/ros2_ws/build/ros2_course/prefix_override:/home/ros_user/ros2_ws/install/ros2_course/lib/python3.10/site-packages:${PYTHONPATH} /usr/bin/python3 setup.py develop --editable --build-directory /home/ros_user/ros2_ws/build/ros2_course/build --no-deps install_data
[1.846s] running develop
[1.848s] /usr/lib/python3/dist-packages/setuptools/command/easy_install.py:158: EasyInstallDeprecationWarning: easy_install command is deprecated. Use build and pip and other standards-based tools.
[1.848s]   warnings.warn(
[1.850s] /usr/lib/python3/dist-packages/setuptools/command/install.py:34: SetuptoolsDeprecationWarning: setup.py install is deprecated. Use build and pip and other standards-based tools.
[1.850s]   warnings.warn(
[2.129s] running egg_info
[2.129s] writing ros2_course.egg-info/PKG-INFO
[2.130s] writing dependency_links to ros2_course.egg-info/dependency_links.txt
[2.130s] writing entry points to ros2_course.egg-info/entry_points.txt
[2.130s] writing requirements to ros2_course.egg-info/requires.txt
[2.130s] writing top-level names to ros2_course.egg-info/top_level.txt
[2.133s] reading manifest file 'ros2_course.egg-info/SOURCES.txt'
[2.134s] writing manifest file 'ros2_course.egg-info/SOURCES.txt'
[2.136s] running build_ext
[2.136s] Creating /home/ros_user/ros2_ws/install/ros2_course/lib/python3.10/site-packages/ros2-course.egg-link (link to .)
[2.137s] Installing chase_turtle script to /home/ros_user/ros2_ws/install/ros2_course/lib/ros2_course
[2.138s] Installing hello script to /home/ros_user/ros2_ws/install/ros2_course/lib/ros2_course
[2.138s] Installing random_turtle script to /home/ros_user/ros2_ws/install/ros2_course/lib/ros2_course
[2.138s] 
[2.138s] Installed /home/ros_user/ros2_ws/build/ros2_course
[2.138s] running install_data
[2.169s] Invoked command in '/home/ros_user/ros2_ws/build/ros2_course' returned '0': PYTHONPATH=/home/ros_user/ros2_ws/build/ros2_course/prefix_override:/home/ros_user/ros2_ws/install/ros2_course/lib/python3.10/site-packages:${PYTHONPATH} /usr/bin/python3 setup.py develop --editable --build-directory /home/ros_user/ros2_ws/build/ros2_course/build --no-deps install_data
