[1.453s] Invoking command in '/home/ros_user/ros2_ws/build/ros2_course': PYTHONPATH=/home/ros_user/ros2_ws/build/ros2_course/prefix_override:/home/ros_user/ros2_ws/install/ros2_course/lib/python3.10/site-packages:${PYTHONPATH} /usr/bin/python3 setup.py develop --editable --build-directory /home/ros_user/ros2_ws/build/ros2_course/build --no-deps install_data
[1.932s] running develop
[1.934s] /usr/lib/python3/dist-packages/setuptools/command/easy_install.py:158: EasyInstallDeprecationWarning: easy_install command is deprecated. Use build and pip and other standards-based tools.
[1.934s]   warnings.warn(
[1.936s] /usr/lib/python3/dist-packages/setuptools/command/install.py:34: SetuptoolsDeprecationWarning: setup.py install is deprecated. Use build and pip and other standards-based tools.
[1.936s]   warnings.warn(
[2.214s] running egg_info
[2.215s] writing ros2_course.egg-info/PKG-INFO
[2.215s] writing dependency_links to ros2_course.egg-info/dependency_links.txt
[2.216s] writing entry points to ros2_course.egg-info/entry_points.txt
[2.216s] writing requirements to ros2_course.egg-info/requires.txt
[2.216s] writing top-level names to ros2_course.egg-info/top_level.txt
[2.219s] reading manifest file 'ros2_course.egg-info/SOURCES.txt'
[2.221s] writing manifest file 'ros2_course.egg-info/SOURCES.txt'
[2.223s] running build_ext
[2.223s] Creating /home/ros_user/ros2_ws/install/ros2_course/lib/python3.10/site-packages/ros2-course.egg-link (link to .)
[2.225s] Installing chaser_turtle script to /home/ros_user/ros2_ws/install/ros2_course/lib/ros2_course
[2.225s] Installing flower_turtle script to /home/ros_user/ros2_ws/install/ros2_course/lib/ros2_course
[2.225s] Installing fractal script to /home/ros_user/ros2_ws/install/ros2_course/lib/ros2_course
[2.226s] Installing hello script to /home/ros_user/ros2_ws/install/ros2_course/lib/ros2_course
[2.226s] Installing random_turtle script to /home/ros_user/ros2_ws/install/ros2_course/lib/ros2_course
[2.226s] Installing turtle_spin script to /home/ros_user/ros2_ws/install/ros2_course/lib/ros2_course
[2.226s] 
[2.227s] Installed /home/ros_user/ros2_ws/build/ros2_course
[2.227s] running install_data
[2.258s] Invoked command in '/home/ros_user/ros2_ws/build/ros2_course' returned '0': PYTHONPATH=/home/ros_user/ros2_ws/build/ros2_course/prefix_override:/home/ros_user/ros2_ws/install/ros2_course/lib/python3.10/site-packages:${PYTHONPATH} /usr/bin/python3 setup.py develop --editable --build-directory /home/ros_user/ros2_ws/build/ros2_course/build --no-deps install_data
