[1.043s] Invoking command in '/home/ros_user/ros2_ws/build/ros2_course': PYTHONPATH=/home/ros_user/ros2_ws/build/ros2_course/prefix_override:/home/ros_user/ros2_ws/install/ros2_course/lib/python3.10/site-packages:${PYTHONPATH} /usr/bin/python3 setup.py develop --editable --build-directory /home/ros_user/ros2_ws/build/ros2_course/build --no-deps install_data
[1.483s] running develop
[1.484s] /usr/lib/python3/dist-packages/setuptools/command/easy_install.py:158: EasyInstallDeprecationWarning: easy_install command is deprecated. Use build and pip and other standards-based tools.
[1.484s]   warnings.warn(
[1.486s] /usr/lib/python3/dist-packages/setuptools/command/install.py:34: SetuptoolsDeprecationWarning: setup.py install is deprecated. Use build and pip and other standards-based tools.
[1.486s]   warnings.warn(
[1.792s] running egg_info
[1.792s] writing ros2_course.egg-info/PKG-INFO
[1.793s] writing dependency_links to ros2_course.egg-info/dependency_links.txt
[1.794s] writing entry points to ros2_course.egg-info/entry_points.txt
[1.794s] writing requirements to ros2_course.egg-info/requires.txt
[1.795s] writing top-level names to ros2_course.egg-info/top_level.txt
[1.797s] reading manifest file 'ros2_course.egg-info/SOURCES.txt'
[1.799s] writing manifest file 'ros2_course.egg-info/SOURCES.txt'
[1.802s] running build_ext
[1.802s] Creating /home/ros_user/ros2_ws/install/ros2_course/lib/python3.10/site-packages/ros2-course.egg-link (link to .)
[1.804s] Installing chaser_turtle script to /home/ros_user/ros2_ws/install/ros2_course/lib/ros2_course
[1.805s] Installing draw_A script to /home/ros_user/ros2_ws/install/ros2_course/lib/ros2_course
[1.805s] Installing flower_turtle script to /home/ros_user/ros2_ws/install/ros2_course/lib/ros2_course
[1.805s] Installing fractal script to /home/ros_user/ros2_ws/install/ros2_course/lib/ros2_course
[1.806s] Installing hello script to /home/ros_user/ros2_ws/install/ros2_course/lib/ros2_course
[1.806s] Installing hunter_turtle script to /home/ros_user/ros2_ws/install/ros2_course/lib/ros2_course
[1.806s] Installing random_turtle script to /home/ros_user/ros2_ws/install/ros2_course/lib/ros2_course
[1.807s] Installing turtle_spawner script to /home/ros_user/ros2_ws/install/ros2_course/lib/ros2_course
[1.807s] Installing turtle_spin script to /home/ros_user/ros2_ws/install/ros2_course/lib/ros2_course
[1.808s] Installing turtlesim_controller script to /home/ros_user/ros2_ws/install/ros2_course/lib/ros2_course
[1.812s] 
[1.812s] Installed /home/ros_user/ros2_ws/build/ros2_course
[1.812s] running install_data
[1.848s] Invoked command in '/home/ros_user/ros2_ws/build/ros2_course' returned '0': PYTHONPATH=/home/ros_user/ros2_ws/build/ros2_course/prefix_override:/home/ros_user/ros2_ws/install/ros2_course/lib/python3.10/site-packages:${PYTHONPATH} /usr/bin/python3 setup.py develop --editable --build-directory /home/ros_user/ros2_ws/build/ros2_course/build --no-deps install_data
