[1.106s] Invoking command in '/home/ros_user/ros2_ws/build/ros2_course': PYTHONPATH=/home/ros_user/ros2_ws/build/ros2_course/prefix_override:/home/ros_user/ros2_ws/install/ros2_course/lib/python3.10/site-packages:${PYTHONPATH} /usr/bin/python3 setup.py develop --editable --build-directory /home/ros_user/ros2_ws/build/ros2_course/build --no-deps install_data
[1.553s] running develop
[1.554s] /usr/lib/python3/dist-packages/setuptools/command/easy_install.py:158: EasyInstallDeprecationWarning: easy_install command is deprecated. Use build and pip and other standards-based tools.
[1.554s]   warnings.warn(
[1.556s] /usr/lib/python3/dist-packages/setuptools/command/install.py:34: SetuptoolsDeprecationWarning: setup.py install is deprecated. Use build and pip and other standards-based tools.
[1.556s]   warnings.warn(
[1.829s] running egg_info
[1.829s] writing ros2_course.egg-info/PKG-INFO
[1.830s] writing dependency_links to ros2_course.egg-info/dependency_links.txt
[1.830s] writing entry points to ros2_course.egg-info/entry_points.txt
[1.831s] writing requirements to ros2_course.egg-info/requires.txt
[1.832s] writing top-level names to ros2_course.egg-info/top_level.txt
[1.838s] reading manifest file 'ros2_course.egg-info/SOURCES.txt'
[1.840s] writing manifest file 'ros2_course.egg-info/SOURCES.txt'
[1.842s] running build_ext
[1.842s] Creating /home/ros_user/ros2_ws/install/ros2_course/lib/python3.10/site-packages/ros2-course.egg-link (link to .)
[1.844s] Installing chase_turtle script to /home/ros_user/ros2_ws/install/ros2_course/lib/ros2_course
[1.844s] Installing hello script to /home/ros_user/ros2_ws/install/ros2_course/lib/ros2_course
[1.844s] Installing random_turtle script to /home/ros_user/ros2_ws/install/ros2_course/lib/ros2_course
[1.844s] Installing turtle_spin script to /home/ros_user/ros2_ws/install/ros2_course/lib/ros2_course
[1.845s] 
[1.845s] Installed /home/ros_user/ros2_ws/build/ros2_course
[1.845s] running install_data
[1.876s] Invoked command in '/home/ros_user/ros2_ws/build/ros2_course' returned '0': PYTHONPATH=/home/ros_user/ros2_ws/build/ros2_course/prefix_override:/home/ros_user/ros2_ws/install/ros2_course/lib/python3.10/site-packages:${PYTHONPATH} /usr/bin/python3 setup.py develop --editable --build-directory /home/ros_user/ros2_ws/build/ros2_course/build --no-deps install_data
