[1.472s] Invoking command in '/home/ros_user/ros2_ws/build/ros2_course': PYTHONPATH=/home/ros_user/ros2_ws/build/ros2_course/prefix_override:/home/ros_user/ros2_ws/install/ros2_course/lib/python3.10/site-packages:${PYTHONPATH} /usr/bin/python3 setup.py develop --editable --build-directory /home/ros_user/ros2_ws/build/ros2_course/build --no-deps install_data
[2.103s] running develop
[2.104s] /usr/lib/python3/dist-packages/setuptools/command/easy_install.py:158: EasyInstallDeprecationWarning: easy_install command is deprecated. Use build and pip and other standards-based tools.
[2.104s]   warnings.warn(
[2.107s] /usr/lib/python3/dist-packages/setuptools/command/install.py:34: SetuptoolsDeprecationWarning: setup.py install is deprecated. Use build and pip and other standards-based tools.
[2.107s]   warnings.warn(
[2.599s] running egg_info
[2.607s] writing ros2_course.egg-info/PKG-INFO
[2.608s] writing dependency_links to ros2_course.egg-info/dependency_links.txt
[2.609s] writing entry points to ros2_course.egg-info/entry_points.txt
[2.610s] writing requirements to ros2_course.egg-info/requires.txt
[2.610s] writing top-level names to ros2_course.egg-info/top_level.txt
[2.613s] reading manifest file 'ros2_course.egg-info/SOURCES.txt'
[2.618s] writing manifest file 'ros2_course.egg-info/SOURCES.txt'
[2.630s] running build_ext
[2.633s] Creating /home/ros_user/ros2_ws/install/ros2_course/lib/python3.10/site-packages/ros2-course.egg-link (link to .)
[2.637s] Installing chaser_turtle script to /home/ros_user/ros2_ws/install/ros2_course/lib/ros2_course
[2.637s] Installing flower_turtle script to /home/ros_user/ros2_ws/install/ros2_course/lib/ros2_course
[2.638s] Installing fractal script to /home/ros_user/ros2_ws/install/ros2_course/lib/ros2_course
[2.639s] Installing hello script to /home/ros_user/ros2_ws/install/ros2_course/lib/ros2_course
[2.641s] Installing random_turtle script to /home/ros_user/ros2_ws/install/ros2_course/lib/ros2_course
[2.641s] Installing turtle_spin script to /home/ros_user/ros2_ws/install/ros2_course/lib/ros2_course
[2.642s] 
[2.642s] Installed /home/ros_user/ros2_ws/build/ros2_course
[2.646s] running install_data
[2.806s] Invoked command in '/home/ros_user/ros2_ws/build/ros2_course' returned '0': PYTHONPATH=/home/ros_user/ros2_ws/build/ros2_course/prefix_override:/home/ros_user/ros2_ws/install/ros2_course/lib/python3.10/site-packages:${PYTHONPATH} /usr/bin/python3 setup.py develop --editable --build-directory /home/ros_user/ros2_ws/build/ros2_course/build --no-deps install_data
