[1.011s] Invoking command in '/home/ros_user/ros2_ws/build/ros2_course': PYTHONPATH=/home/ros_user/ros2_ws/build/ros2_course/prefix_override:/home/ros_user/ros2_ws/install/ros2_course/lib/python3.10/site-packages:${PYTHONPATH} /usr/bin/python3 setup.py develop --editable --build-directory /home/ros_user/ros2_ws/build/ros2_course/build --no-deps install_data
[1.500s] running develop
[1.501s] /usr/lib/python3/dist-packages/setuptools/command/easy_install.py:158: EasyInstallDeprecationWarning: easy_install command is deprecated. Use build and pip and other standards-based tools.
[1.501s]   warnings.warn(
[1.503s] /usr/lib/python3/dist-packages/setuptools/command/install.py:34: SetuptoolsDeprecationWarning: setup.py install is deprecated. Use build and pip and other standards-based tools.
[1.503s]   warnings.warn(
[1.787s] running egg_info
[1.787s] writing ros2_course.egg-info/PKG-INFO
[1.788s] writing dependency_links to ros2_course.egg-info/dependency_links.txt
[1.789s] writing entry points to ros2_course.egg-info/entry_points.txt
[1.789s] writing requirements to ros2_course.egg-info/requires.txt
[1.790s] writing top-level names to ros2_course.egg-info/top_level.txt
[1.792s] reading manifest file 'ros2_course.egg-info/SOURCES.txt'
[1.794s] writing manifest file 'ros2_course.egg-info/SOURCES.txt'
[1.796s] running build_ext
[1.796s] Creating /home/ros_user/ros2_ws/install/ros2_course/lib/python3.10/site-packages/ros2-course.egg-link (link to .)
[1.797s] Installing chaser_turtle script to /home/ros_user/ros2_ws/install/ros2_course/lib/ros2_course
[1.797s] Installing flower_turtle script to /home/ros_user/ros2_ws/install/ros2_course/lib/ros2_course
[1.798s] Installing fractal script to /home/ros_user/ros2_ws/install/ros2_course/lib/ros2_course
[1.798s] Installing hello script to /home/ros_user/ros2_ws/install/ros2_course/lib/ros2_course
[1.798s] Installing random_turtle script to /home/ros_user/ros2_ws/install/ros2_course/lib/ros2_course
[1.798s] Installing turtle_spin script to /home/ros_user/ros2_ws/install/ros2_course/lib/ros2_course
[1.798s] 
[1.798s] Installed /home/ros_user/ros2_ws/build/ros2_course
[1.798s] running install_data
[1.830s] Invoked command in '/home/ros_user/ros2_ws/build/ros2_course' returned '0': PYTHONPATH=/home/ros_user/ros2_ws/build/ros2_course/prefix_override:/home/ros_user/ros2_ws/install/ros2_course/lib/python3.10/site-packages:${PYTHONPATH} /usr/bin/python3 setup.py develop --editable --build-directory /home/ros_user/ros2_ws/build/ros2_course/build --no-deps install_data
