[1.049s] Invoking command in '/home/ros_user/ros2_ws/build/ros2_course': PYTHONPATH=/home/ros_user/ros2_ws/build/ros2_course/prefix_override:/home/ros_user/ros2_ws/install/ros2_course/lib/python3.10/site-packages:${PYTHONPATH} /usr/bin/python3 setup.py develop --editable --build-directory /home/ros_user/ros2_ws/build/ros2_course/build --no-deps install_data
[1.471s] running develop
[1.472s] /usr/lib/python3/dist-packages/setuptools/command/easy_install.py:158: EasyInstallDeprecationWarning: easy_install command is deprecated. Use build and pip and other standards-based tools.
[1.472s]   warnings.warn(
[1.474s] /usr/lib/python3/dist-packages/setuptools/command/install.py:34: SetuptoolsDeprecationWarning: setup.py install is deprecated. Use build and pip and other standards-based tools.
[1.474s]   warnings.warn(
[1.753s] running egg_info
[1.753s] writing ros2_course.egg-info/PKG-INFO
[1.754s] writing dependency_links to ros2_course.egg-info/dependency_links.txt
[1.755s] writing entry points to ros2_course.egg-info/entry_points.txt
[1.755s] writing requirements to ros2_course.egg-info/requires.txt
[1.756s] writing top-level names to ros2_course.egg-info/top_level.txt
[1.758s] reading manifest file 'ros2_course.egg-info/SOURCES.txt'
[1.760s] writing manifest file 'ros2_course.egg-info/SOURCES.txt'
[1.763s] running build_ext
[1.764s] Creating /home/ros_user/ros2_ws/install/ros2_course/lib/python3.10/site-packages/ros2-course.egg-link (link to .)
[1.765s] Installing chase_turtle script to /home/ros_user/ros2_ws/install/ros2_course/lib/ros2_course
[1.765s] Installing hello script to /home/ros_user/ros2_ws/install/ros2_course/lib/ros2_course
[1.766s] Installing random_turtle script to /home/ros_user/ros2_ws/install/ros2_course/lib/ros2_course
[1.766s] Installing turtle_spin script to /home/ros_user/ros2_ws/install/ros2_course/lib/ros2_course
[1.767s] 
[1.767s] Installed /home/ros_user/ros2_ws/build/ros2_course
[1.767s] running install_data
[1.805s] Invoked command in '/home/ros_user/ros2_ws/build/ros2_course' returned '0': PYTHONPATH=/home/ros_user/ros2_ws/build/ros2_course/prefix_override:/home/ros_user/ros2_ws/install/ros2_course/lib/python3.10/site-packages:${PYTHONPATH} /usr/bin/python3 setup.py develop --editable --build-directory /home/ros_user/ros2_ws/build/ros2_course/build --no-deps install_data
