[1.132s] Invoking command in '/home/ros_user/ros2_ws/build/ros2_course': PYTHONPATH=/home/ros_user/ros2_ws/build/ros2_course/prefix_override:/home/ros_user/ros2_ws/install/ros2_course/lib/python3.10/site-packages:${PYTHONPATH} /usr/bin/python3 setup.py develop --editable --build-directory /home/ros_user/ros2_ws/build/ros2_course/build --no-deps install_data
[1.600s] running develop
[1.600s] /usr/lib/python3/dist-packages/setuptools/command/easy_install.py:158: EasyInstallDeprecationWarning: easy_install command is deprecated. Use build and pip and other standards-based tools.
[1.600s]   warnings.warn(
[1.603s] /usr/lib/python3/dist-packages/setuptools/command/install.py:34: SetuptoolsDeprecationWarning: setup.py install is deprecated. Use build and pip and other standards-based tools.
[1.603s]   warnings.warn(
[1.898s] running egg_info
[1.899s] writing ros2_course.egg-info/PKG-INFO
[1.899s] writing dependency_links to ros2_course.egg-info/dependency_links.txt
[1.900s] writing entry points to ros2_course.egg-info/entry_points.txt
[1.900s] writing requirements to ros2_course.egg-info/requires.txt
[1.900s] writing top-level names to ros2_course.egg-info/top_level.txt
[1.903s] reading manifest file 'ros2_course.egg-info/SOURCES.txt'
[1.904s] writing manifest file 'ros2_course.egg-info/SOURCES.txt'
[1.907s] running build_ext
[1.907s] Creating /home/ros_user/ros2_ws/install/ros2_course/lib/python3.10/site-packages/ros2-course.egg-link (link to .)
[1.909s] Installing chase_turtle script to /home/ros_user/ros2_ws/install/ros2_course/lib/ros2_course
[1.909s] Installing hello script to /home/ros_user/ros2_ws/install/ros2_course/lib/ros2_course
[1.910s] Installing random_turtle script to /home/ros_user/ros2_ws/install/ros2_course/lib/ros2_course
[1.910s] Installing turtle_spin script to /home/ros_user/ros2_ws/install/ros2_course/lib/ros2_course
[1.910s] 
[1.911s] Installed /home/ros_user/ros2_ws/build/ros2_course
[1.911s] running install_data
[1.943s] Invoked command in '/home/ros_user/ros2_ws/build/ros2_course' returned '0': PYTHONPATH=/home/ros_user/ros2_ws/build/ros2_course/prefix_override:/home/ros_user/ros2_ws/install/ros2_course/lib/python3.10/site-packages:${PYTHONPATH} /usr/bin/python3 setup.py develop --editable --build-directory /home/ros_user/ros2_ws/build/ros2_course/build --no-deps install_data
