[1.050s] Invoking command in '/home/ros_user/ros2_ws/build/ros2_course': PYTHONPATH=/home/ros_user/ros2_ws/build/ros2_course/prefix_override:/home/ros_user/ros2_ws/install/ros2_course/lib/python3.10/site-packages:${PYTHONPATH} /usr/bin/python3 setup.py develop --editable --build-directory /home/ros_user/ros2_ws/build/ros2_course/build --no-deps install_data
[1.478s] running develop
[1.479s] /usr/lib/python3/dist-packages/setuptools/command/easy_install.py:158: EasyInstallDeprecationWarning: easy_install command is deprecated. Use build and pip and other standards-based tools.
[1.479s]   warnings.warn(
[1.480s] /usr/lib/python3/dist-packages/setuptools/command/install.py:34: SetuptoolsDeprecationWarning: setup.py install is deprecated. Use build and pip and other standards-based tools.
[1.480s]   warnings.warn(
[1.751s] running egg_info
[1.751s] writing ros2_course.egg-info/PKG-INFO
[1.752s] writing dependency_links to ros2_course.egg-info/dependency_links.txt
[1.752s] writing entry points to ros2_course.egg-info/entry_points.txt
[1.753s] writing requirements to ros2_course.egg-info/requires.txt
[1.753s] writing top-level names to ros2_course.egg-info/top_level.txt
[1.755s] reading manifest file 'ros2_course.egg-info/SOURCES.txt'
[1.757s] writing manifest file 'ros2_course.egg-info/SOURCES.txt'
[1.758s] running build_ext
[1.759s] Creating /home/ros_user/ros2_ws/install/ros2_course/lib/python3.10/site-packages/ros2-course.egg-link (link to .)
[1.760s] Installing chase_turtle script to /home/ros_user/ros2_ws/install/ros2_course/lib/ros2_course
[1.760s] Installing hello script to /home/ros_user/ros2_ws/install/ros2_course/lib/ros2_course
[1.761s] Installing random_turtle script to /home/ros_user/ros2_ws/install/ros2_course/lib/ros2_course
[1.761s] Installing turtle_spin script to /home/ros_user/ros2_ws/install/ros2_course/lib/ros2_course
[1.761s] 
[1.761s] Installed /home/ros_user/ros2_ws/build/ros2_course
[1.761s] running install_data
[1.793s] Invoked command in '/home/ros_user/ros2_ws/build/ros2_course' returned '0': PYTHONPATH=/home/ros_user/ros2_ws/build/ros2_course/prefix_override:/home/ros_user/ros2_ws/install/ros2_course/lib/python3.10/site-packages:${PYTHONPATH} /usr/bin/python3 setup.py develop --editable --build-directory /home/ros_user/ros2_ws/build/ros2_course/build --no-deps install_data
