[0.000000] (-) TimerEvent: {}
[0.000072] (ros2_course) JobQueued: {'identifier': 'ros2_course', 'dependencies': OrderedDict()}
[0.000115] (ros2_course) JobStarted: {'identifier': 'ros2_course'}
[0.095803] (-) TimerEvent: {}
[0.196117] (-) TimerEvent: {}
[0.297334] (-) TimerEvent: {}
[0.397586] (-) TimerEvent: {}
[0.497976] (-) TimerEvent: {}
[0.598826] (-) TimerEvent: {}
[0.699865] (-) TimerEvent: {}
[0.799992] (-) TimerEvent: {}
[0.900399] (-) TimerEvent: {}
[1.000968] (-) TimerEvent: {}
[1.101498] (-) TimerEvent: {}
[1.169408] (ros2_course) Command: {'cmd': ['/usr/bin/python3', 'setup.py', 'develop', '--editable', '--build-directory', '/home/ros_user/ros2_ws/build/ros2_course/build', '--no-deps', 'install_data'], 'cwd': '/home/ros_user/ros2_ws/build/ros2_course', 'env': {'GJS_DEBUG_TOPICS': 'JS ERROR;JS LOG', 'LANGUAGE': 'en_GB:en', 'LC_TIME': 'hu_HU.UTF-8', 'USER': 'ros_user', 'ROS_PACKAGE_PATH': '/home/ros_user/dvrk2_ws/install/cisst/share', 'XDG_SESSION_TYPE': 'wayland', 'LD_LIBRARY_PATH': '/home/ros_user/dvrk2_ws/install/dvrk_robot/lib:/home/ros_user/dvrk2_ws/install/sawIntuitiveResearchKitAll/lib:/home/ros_user/dvrk2_ws/install/sawTextToSpeechAll/lib:/home/ros_user/dvrk2_ws/install/sawRobotIO1394All/lib:/home/ros_user/dvrk2_ws/install/sawControllersAll/lib:/home/ros_user/dvrk2_ws/install/sawKeyboardAll/lib:/home/ros_user/dvrk2_ws/install/cisst_ros2_crtk/lib:/home/ros_user/dvrk2_ws/install/crtk_msgs/lib:/home/ros_user/dvrk2_ws/install/cisst_ros2_bridge/lib:/home/ros_user/dvrk2_ws/install/cisst_msgs/lib:/home/ros_user/dvrk2_ws/install/cisst/lib:/home/ros_user/dvrk2_ws/install/cisstNetlib/lib:/opt/ros/humble/opt/rviz_ogre_vendor/lib:/opt/ros/humble/lib/x86_64-linux-gnu:/opt/ros/humble/lib', 'SHLVL': '44', 'HOME': '/home/ros_user', 'DESKTOP_SESSION': 'ubuntu', 'QTDIR': '/usr/lib/x86_64-linux-gnu/qt5', 'GIO_LAUNCHED_DESKTOP_FILE': '/usr/share/applications/QtProject-qtcreator-ros-latest.desktop', 'GNOME_SHELL_SESSION_MODE': 'ubuntu', 'GTK_MODULES': 'gail:atk-bridge', 'ROS_PYTHON_VERSION': '3', 'LC_MONETARY': 'hu_HU.UTF-8', 'MANAGERPID': '1194', 'DBUS_SESSION_BUS_ADDRESS': 'unix:path=/run/user/1000/bus', 'SYSTEMD_EXEC_PID': '1349', 'GIO_LAUNCHED_DESKTOP_FILE_PID': '1927', 'COLCON_PREFIX_PATH': '/home/ros_user/ros2_ws/install:/home/ros_user/dvrk2_ws/install', 'IM_CONFIG_PHASE': '1', 'ROS_DISTRO': 'humble', 'WAYLAND_DISPLAY': 'wayland-0', 'LOGNAME': 'ros_user', 'JOURNAL_STREAM': '8:22759', '_': '/usr/bin/env', 'PKG_CONFIG_PATH': '/home/ros_user/dvrk2_ws/install/dvrk_config_jhu/lib/x86_64-linux-gnu/pkgconfig:/home/ros_user/dvrk2_ws/install/dvrk_config_jhu/lib/pkgconfig:/home/ros_user/dvrk2_ws/install/cisst/lib/x86_64-linux-gnu/pkgconfig:/home/ros_user/dvrk2_ws/install/cisst/lib/pkgconfig:/home/ros_user/dvrk2_ws/install/cisstNetlib/lib/x86_64-linux-gnu/pkgconfig:/home/ros_user/dvrk2_ws/install/cisstNetlib/lib/pkgconfig', 'ROS_VERSION': '2', 'XDG_SESSION_CLASS': 'user', 'TERM': 'xterm', 'USERNAME': 'ros_user', 'GNOME_DESKTOP_SESSION_ID': 'this-is-deprecated', 'ROS_LOCALHOST_ONLY': '0', 'PATH': '/home/ros_user/dvrk2_ws/install/sawIntuitiveResearchKitAll/bin:/home/ros_user/dvrk2_ws/install/sawTextToSpeechAll/bin:/home/ros_user/dvrk2_ws/install/sawRobotIO1394All/bin:/home/ros_user/dvrk2_ws/install/sawControllersAll/bin:/home/ros_user/dvrk2_ws/install/cisst/bin:/opt/ros/humble/bin:/usr/local/sbin:/usr/local/bin:/usr/sbin:/usr/bin:/sbin:/bin:/usr/games:/usr/local/games:/snap/bin:/snap/bin', 'INVOCATION_ID': '5da4d3ba824549a8bdb3656b9e00c2ec', 'PAPERSIZE': 'a4', 'SESSION_MANAGER': 'local/ubuntu-vm:@/tmp/.ICE-unix/1331,unix/ubuntu-vm:/tmp/.ICE-unix/1331', 'GNOME_SETUP_DISPLAY': ':1', 'LC_ADDRESS': 'hu_HU.UTF-8', 'XDG_MENU_PREFIX': 'gnome-', 'XDG_RUNTIME_DIR': '/run/user/1000', 'DISPLAY': ':0', 'LANG': 'en_GB.UTF-8', 'LC_TELEPHONE': 'hu_HU.UTF-8', 'XDG_CURRENT_DESKTOP': 'ubuntu:GNOME', 'XAUTHORITY': '/run/user/1000/.mutter-Xwaylandauth.ND0XD2', 'XDG_SESSION_DESKTOP': 'ubuntu', 'XMODIFIERS': '@im=ibus', 'AMENT_PREFIX_PATH': '/home/ros_user/dvrk2_ws/install/dvrk_robot:/home/ros_user/dvrk2_ws/install/dvrk_python:/home/ros_user/dvrk2_ws/install/dvrk_model:/home/ros_user/dvrk2_ws/install/cisst_ros2_crtk:/home/ros_user/dvrk2_ws/install/crtk_msgs:/home/ros_user/dvrk2_ws/install/crtk:/home/ros_user/dvrk2_ws/install/cisst_ros2_bridge:/home/ros_user/dvrk2_ws/install/cisst_msgs:/home/ros_user/ros2_ws/install/ros2_course:/opt/ros/humble', 'SSH_AGENT_LAUNCHER': 'gnome-keyring', 'SSH_AUTH_SOCK': '/run/user/1000/keyring/ssh', 'LC_NAME': 'hu_HU.UTF-8', 'SHELL': '/bin/bash', 'GDMSESSION': 'ubuntu', 'QT_ACCESSIBILITY': '1', 'LC_MEASUREMENT': 'hu_HU.UTF-8', 'GJS_DEBUG_OUTPUT': 'stderr', 'LC_IDENTIFICATION': 'hu_HU.UTF-8', 'QT_IM_MODULE': 'ibus', 'LC_ALL': 'C', 'PWD': '/home/ros_user/ros2_ws/build/ros2_course', 'XDG_CONFIG_DIRS': '/etc/xdg/xdg-ubuntu:/etc/xdg', 'XDG_DATA_DIRS': '/usr/share/ubuntu:/usr/local/share/:/usr/share/:/var/lib/snapd/desktop', 'LC_NUMERIC': 'hu_HU.UTF-8', 'PYTHONPATH': '/home/ros_user/ros2_ws/build/ros2_course/prefix_override:/home/ros_user/ros2_ws/install/ros2_course/lib/python3.10/site-packages:/home/ros_user/dvrk2_ws/build/dvrk_python/src:/home/ros_user/dvrk2_ws/install/dvrk_python/lib/python3.10/site-packages:/home/ros_user/dvrk2_ws/build/dvrk_model:/home/ros_user/dvrk2_ws/install/dvrk_model/lib/python3.10/site-packages:/home/ros_user/dvrk2_ws/install/crtk_msgs/local/lib/python3.10/dist-packages:/home/ros_user/dvrk2_ws/build/crtk/src:/home/ros_user/dvrk2_ws/install/crtk/lib/python3.10/site-packages:/home/ros_user/dvrk2_ws/install/cisst_msgs/local/lib/python3.10/dist-packages:/home/ros_user/ros2_ws/build/ros2_course:/home/ros_user/ros2_ws/install/ros2_course/lib/python3.10/site-packages:/opt/ros/humble/lib/python3.10/site-packages:/opt/ros/humble/local/lib/python3.10/dist-packages', 'LC_PAPER': 'hu_HU.UTF-8', 'COLCON': '1', 'CMAKE_PREFIX_PATH': '/home/ros_user/dvrk2_ws/install/dvrk_robot:/home/ros_user/dvrk2_ws/install/sawIntuitiveResearchKitAll:/home/ros_user/dvrk2_ws/install/sawTextToSpeechAll:/home/ros_user/dvrk2_ws/install/sawRobotIO1394All:/home/ros_user/dvrk2_ws/install/sawControllersAll:/home/ros_user/dvrk2_ws/install/sawKeyboardAll:/home/ros_user/dvrk2_ws/install/dvrk_config_jhu:/home/ros_user/dvrk2_ws/install/cisst_ros2_crtk:/home/ros_user/dvrk2_ws/install/crtk_msgs:/home/ros_user/dvrk2_ws/install/cisst_ros2_bridge:/home/ros_user/dvrk2_ws/install/cisst_msgs:/home/ros_user/dvrk2_ws/install/cisst:/home/ros_user/dvrk2_ws/install/cisstNetlib'}, 'shell': False}
[1.201999] (-) TimerEvent: {}
[1.302523] (-) TimerEvent: {}
[1.403035] (-) TimerEvent: {}
[1.503339] (-) TimerEvent: {}
[1.600249] (ros2_course) StdoutLine: {'line': b'running develop\n'}
[1.601175] (ros2_course) StderrLine: {'line': b'/usr/lib/python3/dist-packages/setuptools/command/easy_install.py:158: EasyInstallDeprecationWarning: easy_install command is deprecated. Use build and pip and other standards-based tools.\n'}
[1.601326] (ros2_course) StderrLine: {'line': b'  warnings.warn(\n'}
[1.603615] (ros2_course) StderrLine: {'line': b'/usr/lib/python3/dist-packages/setuptools/command/install.py:34: SetuptoolsDeprecationWarning: setup.py install is deprecated. Use build and pip and other standards-based tools.\n'}
[1.603743] (-) TimerEvent: {}
[1.603772] (ros2_course) StderrLine: {'line': b'  warnings.warn(\n'}
[1.704676] (-) TimerEvent: {}
[1.805733] (-) TimerEvent: {}
[1.878541] (ros2_course) StdoutLine: {'line': b'running egg_info\n'}
[1.878925] (ros2_course) StdoutLine: {'line': b'writing ros2_course.egg-info/PKG-INFO\n'}
[1.879467] (ros2_course) StdoutLine: {'line': b'writing dependency_links to ros2_course.egg-info/dependency_links.txt\n'}
[1.879957] (ros2_course) StdoutLine: {'line': b'writing entry points to ros2_course.egg-info/entry_points.txt\n'}
[1.880302] (ros2_course) StdoutLine: {'line': b'writing requirements to ros2_course.egg-info/requires.txt\n'}
[1.880595] (ros2_course) StdoutLine: {'line': b'writing top-level names to ros2_course.egg-info/top_level.txt\n'}
[1.883217] (ros2_course) StdoutLine: {'line': b"reading manifest file 'ros2_course.egg-info/SOURCES.txt'\n"}
[1.884583] (ros2_course) StdoutLine: {'line': b"writing manifest file 'ros2_course.egg-info/SOURCES.txt'\n"}
[1.886684] (ros2_course) StdoutLine: {'line': b'running build_ext\n'}
[1.887105] (ros2_course) StdoutLine: {'line': b'Creating /home/ros_user/ros2_ws/install/ros2_course/lib/python3.10/site-packages/ros2-course.egg-link (link to .)\n'}
[1.888366] (ros2_course) StdoutLine: {'line': b'Installing chaser_turtle script to /home/ros_user/ros2_ws/install/ros2_course/lib/ros2_course\n'}
[1.888633] (ros2_course) StdoutLine: {'line': b'Installing flower_turtle script to /home/ros_user/ros2_ws/install/ros2_course/lib/ros2_course\n'}
[1.888869] (ros2_course) StdoutLine: {'line': b'Installing fractal script to /home/ros_user/ros2_ws/install/ros2_course/lib/ros2_course\n'}
[1.889148] (ros2_course) StdoutLine: {'line': b'Installing hello script to /home/ros_user/ros2_ws/install/ros2_course/lib/ros2_course\n'}
[1.889412] (ros2_course) StdoutLine: {'line': b'Installing random_turtle script to /home/ros_user/ros2_ws/install/ros2_course/lib/ros2_course\n'}
[1.889671] (ros2_course) StdoutLine: {'line': b'Installing turtle_spin script to /home/ros_user/ros2_ws/install/ros2_course/lib/ros2_course\n'}
[1.889983] (ros2_course) StdoutLine: {'line': b'\n'}
[1.890265] (ros2_course) StdoutLine: {'line': b'Installed /home/ros_user/ros2_ws/build/ros2_course\n'}
[1.890360] (ros2_course) StdoutLine: {'line': b'running install_data\n'}
[1.906747] (-) TimerEvent: {}
[1.921639] (ros2_course) CommandEnded: {'returncode': 0}
[1.946923] (ros2_course) JobEnded: {'identifier': 'ros2_course', 'rc': 0}
[1.952836] (-) EventReactorShutdown: {}
