[1.224s] Invoking command in '/home/ros_user/ros2_ws/build/ros2_course': PYTHONPATH=/home/ros_user/ros2_ws/build/ros2_course/prefix_override:/home/ros_user/ros2_ws/install/ros2_course/lib/python3.10/site-packages:${PYTHONPATH} /usr/bin/python3 setup.py develop --editable --build-directory /home/ros_user/ros2_ws/build/ros2_course/build --no-deps install_data
[1.712s] running develop
[1.713s] /usr/lib/python3/dist-packages/setuptools/command/easy_install.py:158: EasyInstallDeprecationWarning: easy_install command is deprecated. Use build and pip and other standards-based tools.
[1.713s]   warnings.warn(
[1.715s] /usr/lib/python3/dist-packages/setuptools/command/install.py:34: SetuptoolsDeprecationWarning: setup.py install is deprecated. Use build and pip and other standards-based tools.
[1.715s]   warnings.warn(
[1.998s] running egg_info
[1.998s] writing ros2_course.egg-info/PKG-INFO
[1.998s] writing dependency_links to ros2_course.egg-info/dependency_links.txt
[1.999s] writing entry points to ros2_course.egg-info/entry_points.txt
[1.999s] writing requirements to ros2_course.egg-info/requires.txt
[2.000s] writing top-level names to ros2_course.egg-info/top_level.txt
[2.002s] reading manifest file 'ros2_course.egg-info/SOURCES.txt'
[2.004s] writing manifest file 'ros2_course.egg-info/SOURCES.txt'
[2.006s] running build_ext
[2.007s] Creating /home/ros_user/ros2_ws/install/ros2_course/lib/python3.10/site-packages/ros2-course.egg-link (link to .)
[2.008s] Installing chaser_turtle script to /home/ros_user/ros2_ws/install/ros2_course/lib/ros2_course
[2.008s] Installing draw_A script to /home/ros_user/ros2_ws/install/ros2_course/lib/ros2_course
[2.008s] Installing flower_turtle script to /home/ros_user/ros2_ws/install/ros2_course/lib/ros2_course
[2.009s] Installing fractal script to /home/ros_user/ros2_ws/install/ros2_course/lib/ros2_course
[2.009s] Installing hello script to /home/ros_user/ros2_ws/install/ros2_course/lib/ros2_course
[2.009s] Installing hunter_turtle script to /home/ros_user/ros2_ws/install/ros2_course/lib/ros2_course
[2.009s] Installing random_turtle script to /home/ros_user/ros2_ws/install/ros2_course/lib/ros2_course
[2.010s] Installing turtle_spawner script to /home/ros_user/ros2_ws/install/ros2_course/lib/ros2_course
[2.010s] Installing turtle_spin script to /home/ros_user/ros2_ws/install/ros2_course/lib/ros2_course
[2.010s] 
[2.011s] Installed /home/ros_user/ros2_ws/build/ros2_course
[2.011s] running install_data
[2.042s] Invoked command in '/home/ros_user/ros2_ws/build/ros2_course' returned '0': PYTHONPATH=/home/ros_user/ros2_ws/build/ros2_course/prefix_override:/home/ros_user/ros2_ws/install/ros2_course/lib/python3.10/site-packages:${PYTHONPATH} /usr/bin/python3 setup.py develop --editable --build-directory /home/ros_user/ros2_ws/build/ros2_course/build --no-deps install_data
