[1.221s] Invoking command in '/home/ros_user/ros2_ws/build/ros2_course': PYTHONPATH=/home/ros_user/ros2_ws/build/ros2_course/prefix_override:/home/ros_user/ros2_ws/install/ros2_course/lib/python3.10/site-packages:${PYTHONPATH} /usr/bin/python3 setup.py develop --editable --build-directory /home/ros_user/ros2_ws/build/ros2_course/build --no-deps install_data
[1.733s] running develop
[1.734s] /usr/lib/python3/dist-packages/setuptools/command/easy_install.py:158: EasyInstallDeprecationWarning: easy_install command is deprecated. Use build and pip and other standards-based tools.
[1.735s]   warnings.warn(
[1.738s] /usr/lib/python3/dist-packages/setuptools/command/install.py:34: SetuptoolsDeprecationWarning: setup.py install is deprecated. Use build and pip and other standards-based tools.
[1.738s]   warnings.warn(
[2.040s] running egg_info
[2.040s] writing ros2_course.egg-info/PKG-INFO
[2.041s] writing dependency_links to ros2_course.egg-info/dependency_links.txt
[2.041s] writing entry points to ros2_course.egg-info/entry_points.txt
[2.042s] writing requirements to ros2_course.egg-info/requires.txt
[2.042s] writing top-level names to ros2_course.egg-info/top_level.txt
[2.046s] reading manifest file 'ros2_course.egg-info/SOURCES.txt'
[2.048s] writing manifest file 'ros2_course.egg-info/SOURCES.txt'
[2.050s] running build_ext
[2.050s] Creating /home/ros_user/ros2_ws/install/ros2_course/lib/python3.10/site-packages/ros2-course.egg-link (link to .)
[2.052s] Installing chaser_turtle script to /home/ros_user/ros2_ws/install/ros2_course/lib/ros2_course
[2.052s] Installing draw_A script to /home/ros_user/ros2_ws/install/ros2_course/lib/ros2_course
[2.052s] Installing flower_turtle script to /home/ros_user/ros2_ws/install/ros2_course/lib/ros2_course
[2.053s] Installing fractal script to /home/ros_user/ros2_ws/install/ros2_course/lib/ros2_course
[2.053s] Installing hello script to /home/ros_user/ros2_ws/install/ros2_course/lib/ros2_course
[2.053s] Installing hunter_turtle script to /home/ros_user/ros2_ws/install/ros2_course/lib/ros2_course
[2.053s] Installing random_turtle script to /home/ros_user/ros2_ws/install/ros2_course/lib/ros2_course
[2.053s] Installing turtle_spawner script to /home/ros_user/ros2_ws/install/ros2_course/lib/ros2_course
[2.054s] Installing turtle_spin script to /home/ros_user/ros2_ws/install/ros2_course/lib/ros2_course
[2.054s] Installing turtlesim_controller script to /home/ros_user/ros2_ws/install/ros2_course/lib/ros2_course
[2.054s] 
[2.055s] Installed /home/ros_user/ros2_ws/build/ros2_course
[2.056s] running install_data
[2.092s] Invoked command in '/home/ros_user/ros2_ws/build/ros2_course' returned '0': PYTHONPATH=/home/ros_user/ros2_ws/build/ros2_course/prefix_override:/home/ros_user/ros2_ws/install/ros2_course/lib/python3.10/site-packages:${PYTHONPATH} /usr/bin/python3 setup.py develop --editable --build-directory /home/ros_user/ros2_ws/build/ros2_course/build --no-deps install_data
